<?xml version="1.0" encoding="UTF-8"?>
<testng-results ignored="0" total="1" passed="1" failed="0" skipped="0">
  <reporter-output>
  </reporter-output>
  <suite started-at="2024-12-03T11:11:32 IST" name="Default suite" finished-at="2024-12-03T11:11:40 IST" duration-ms="7599">
    <groups>
    </groups>
    <test started-at="2024-12-03T11:11:32 IST" name="Default test" finished-at="2024-12-03T11:11:40 IST" duration-ms="7599">
      <class name="com.crm.VtigerTestCases.VtigerLog">
        <test-method signature="log()[pri:0, instance:com.crm.VtigerTestCases.VtigerLog@55b699ef]" started-at="2024-12-03T11:11:32 IST" name="log" finished-at="2024-12-03T11:11:40 IST" duration-ms="7531" status="PASS">
          <reporter-output>
          </reporter-output>
        </test-method> <!-- log -->
      </class> <!-- com.crm.VtigerTestCases.VtigerLog -->
    </test> <!-- Default test -->
  </suite> <!-- Default suite -->
</testng-results>
